<?xml version="1.0" encoding="UTF-8"?>
<!-- Generated by org.testng.reporters.JUnitReportReporter -->
<testsuite hostname="DESKTOP-I6598N7" name="com.hrms.testscripts.TC002" tests="1" failures="0" timestamp="30 Jul 2021 04:26:49 GMT" time="11.116" errors="0">
  <testcase name="tc002" time="11.116" classname="com.hrms.testscripts.TC002"/>
</testsuite> <!-- com.hrms.testscripts.TC002 -->
