<?xml version="1.0" encoding="UTF-8"?>
<!-- Generated by org.testng.reporters.JUnitReportReporter -->
<testsuite hostname="DESKTOP-I6598N7" name="com.hrms.testscripts.TC003" tests="1" failures="0" timestamp="30 Jul 2021 04:23:43 GMT" time="5.486" errors="0">
  <testcase name="tc003" time="5.486" classname="com.hrms.testscripts.TC003"/>
</testsuite> <!-- com.hrms.testscripts.TC003 -->
